Logging run_audit output to /home/ubuntu/HALO/outputs/trex/run_audit.log
Logging run_audit output to /home/ubuntu/HALO/outputs/trex/run_audit.log
Logging run_audit output to /home/ubuntu/HALO/outputs/trex/run_audit.log
Prompt file: /home/ubuntu/HALO/data/prompts_trex.jsonl
Database used: /home/ubuntu/HALO/data/co-lmlm-wiki-index
DB states: FULL, DEL-ON, DEL-OFF
Running audit for /home/ubuntu/HALO/data/prompts_trex.jsonl with database /home/ubuntu/HALO/data/co-lmlm-wiki-index
Logging run_audit output to /home/ubuntu/HALO/outputs/trex/run_audit.log
Prompt file: /home/ubuntu/HALO/data/prompts_trex.jsonl
Database used: /home/ubuntu/HALO/data/co-lmlm-wiki-index
DB states: FULL, DEL-ON, DEL-OFF
Running audit for /home/ubuntu/HALO/data/prompts_trex.jsonl with database /home/ubuntu/HALO/data/co-lmlm-wiki-index
Logging run_audit output to /home/ubuntu/HALO/outputs/trex/run_audit.log
Prompt file: /home/ubuntu/HALO/data/prompts_trex.jsonl
Database used: /home/ubuntu/HALO/data/co-lmlm-wiki-index
DB states: FULL, DEL-ON, DEL-OFF
Running audit for /home/ubuntu/HALO/data/prompts_trex.jsonl with database /home/ubuntu/HALO/data/co-lmlm-wiki-index
Wrote closure artifacts to /home/ubuntu/HALO/outputs/trex/prompts_trex_closures
Wrote query-embedding sidecar to /home/ubuntu/HALO/outputs/trex/prompts_trex_query_embeddings.npz
Probe L_rep: 0.232, behavioral L: 0.254, Δ_rep: -0.022 over 599 facts
Cross-state audit metrics:
  Paired count: 599
  FULL-correct paired count: 526
  Parametric leakage L(f): 0.254
  Retrieval-mediated correctness R(f): 0.012
  Retrieval artifact rate: 0.053
  Artifact-trace eligible count: 599
  Post-deletion survival | FULL correct: 0.061
Metrics by state:
FULL:
  Count: 599
  Exact match: 0.237
  Contains match: 0.878
  Unknown rate: 0.030
  Precision: 0.472
  Recall: 0.834
  F1: 0.561
DEL-ON:
  Count: 599
  Exact match: 0.017
  Contains match: 0.053
  Unknown rate: 0.062
  Precision: 0.030
  Recall: 0.051
  F1: 0.035
DEL-OFF:
  Count: 599
  Exact match: 0.047
  Contains match: 0.254
  Unknown rate: 0.005
  Precision: 0.078
  Recall: 0.230
  F1: 0.096
Wrote cross-state metrics CSV to /home/ubuntu/HALO/outputs/trex/cross_state_metrics.csv
Wrote per-state metrics CSV to /home/ubuntu/HALO/outputs/trex/per_state_metrics.csv
Uploaded output artifacts to W&B.
Logging run_audit output to /home/ubuntu/HALO/outputs/trex/run_audit.log
Prompt file: /home/ubuntu/HALO/data/prompts_trex.jsonl
Database used: /home/ubuntu/HALO/data/co-lmlm-wiki-index
Logging run_audit output to /home/ubuntu/HALO/outputs/trex/run_audit.log
Prompt file: /home/ubuntu/HALO/data/prompts_trex.jsonl
Database used: /home/ubuntu/HALO/data/co-lmlm-wiki-index
DB states: FULL, DEL-ON, DEL-OFF
Running audit for /home/ubuntu/HALO/data/prompts_trex.jsonl with database /home/ubuntu/HALO/data/co-lmlm-wiki-index
Wrote closure artifacts to /home/ubuntu/HALO/outputs/trex/prompts_trex_closures
Wrote query-embedding sidecar to /home/ubuntu/HALO/outputs/trex/prompts_trex_query_embeddings.npz
Probe L_rep: 0.232, behavioral L: 0.254, Δ_rep: -0.022 over 599 facts
Cross-state audit metrics:
  Paired count: 599
  FULL-correct paired count: 526
  Parametric leakage L(f): 0.254
  Retrieval-mediated correctness R(f): 0.012
  Retrieval artifact rate: 0.053
  Artifact-trace eligible count: 599
  Post-deletion survival | FULL correct: 0.061
Metrics by state:
FULL:
  Count: 599
  Exact match: 0.237
  Contains match: 0.878
  Unknown rate: 0.030
  Precision: 0.472
  Recall: 0.834
  F1: 0.561
DEL-ON:
  Count: 599
  Exact match: 0.017
  Contains match: 0.053
  Unknown rate: 0.062
  Precision: 0.030
  Recall: 0.051
  F1: 0.035
DEL-OFF:
  Count: 599
  Exact match: 0.047
  Contains match: 0.254
  Unknown rate: 0.005
  Precision: 0.078
  Recall: 0.230
  F1: 0.096
Wrote cross-state metrics CSV to /home/ubuntu/HALO/outputs/trex/cross_state_metrics.csv
Wrote per-state metrics CSV to /home/ubuntu/HALO/outputs/trex/per_state_metrics.csv
Uploaded output artifacts to W&B.
Logging run_audit output to /home/ubuntu/HALO/outputs/trex/run_audit.log
Prompt file: /home/ubuntu/HALO/data/prompts_trex.jsonl
Database used: /home/ubuntu/HALO/data/co-lmlm-wiki-index
Sweep: 1190/1500 facts over 6 radii (4344 generations, 8437 reused [6185 fingerprint, 2252 full-pass, 91 canary-verified], 13620 planned).
Skipped facts (no FULL selection/embedding): 0ef0beb9-9375-41ad-9a3c-72f2ecca1558, bf7dc412-c233-40db-8b06-552f49d0fdea, 4aedbf0e-3f23-45a5-9726-f60614cb2f34, f18d9a0a-a270-403a-9816-799b975bfbda, fbca090d-5a8b-4716-9d29-e7fd4b37415b, 5f3c1a29-02d2-4f3f-bfbe-f859a812a3f0, 159caa56-1914-41bb-9d66-c5957fc57420, 458a4278-c966-4048-81e3-60b483b3c109, 6b58a8d7-132e-4408-8a5e-8f15bc84bb07, 3b32ae53-f51b-4dbe-a4b0-ba88fbafc4bc, 445f28c6-0bdf-4d11-845b-d5cd08c9fc78, 186e4d57-cf3b-4fa4-89f4-5c8c722ddb54, 5f72daed-a431-4222-bd64-7e62b9f154c6, a4f3ebd5-df72-44a6-90ee-5f8a3c8bf76b, 871094d9-1a10-4619-97be-d95cb99b563c, 752fc560-3694-4f73-9f92-048ee522de6e, 611a09b8-ba6b-45ae-a0f3-476b4db6ce7c, 5b453777-1eb7-4e7e-90f9-f7d48455668b, 5cf33b7f-f4e8-488b-a0ec-59d5dc8c5238, 20fa0131-9247-4fb4-bb64-6cb49394f19d, d411819b-dcad-487b-9b7b-dc02f8d97f05, 8272fd4f-8ba1-4ab2-a14b-3c460b0c9448, 5302ed71-fca4-4d90-b1ce-39991b630749, 84724d73-e80b-4e3f-aca6-cbec7fa8f9d8, 887afbea-ded5-437f-9203-e55ecbe572e0, f0c5bed4-188c-4206-92f9-89924f8a51b2, 044bd817-3ffe-448e-af2a-a194c63e4fe0, 4aedc2a3-824f-42d9-b1cb-022aeaa15d71, db4201f8-f2bb-496b-8801-28c804e7116a, b18c5391-280e-48ef-b045-58982ac72914, 2fd485a5-62a9-4dd8-8014-3cdf68b39517, 270aa69e-c7f0-41d4-aa23-dda401962b7d, 0ae86071-70e9-4366-9809-9f48d2718561, c0370e2e-5505-4ea9-9b3f-6e65984bc172, 65e96a25-ea4c-4545-8a13-dad5d1e44aaa, e2f7b242-038e-447a-8cac-36a830e969e1, a27a863b-62c6-4bac-b6a5-cc3635323221, f44bd745-00d3-4884-a582-0bd0e7535a6b, 77f9bd2f-4ced-4e35-9ffd-159b70e645c9, 36bc8691-e75a-4772-9c0d-9c665bcbf7f2, fb868398-8a81-4c2b-ba57-8a3250747814, 3909b5df-607f-452d-8f69-194e210928fa, 582e34a4-0a61-43bb-b344-f614ab1660ce, 7a18233c-c0d1-42ec-a674-1743271037a9, 18a3ee66-c401-4905-80ee-f1632a40188a, ed62c3cd-d349-49f3-b1b7-5889cdfd9d5f, b5c19b72-f742-44b1-9507-603fd2689bcb, 51e77719-0dce-485f-ac98-c15b3dd6259c, d05357bf-446b-4e57-8fa2-2f374c07547a, 30862a47-4d4b-41f4-8dde-8a850835e20a, 572be5be-ad37-4beb-96af-47284dd88e40, f75ed9f8-8bcb-4c31-b09e-3faf5ffc86e7, b8cfe4ce-dd88-426e-9b5e-ad1462cbd686, 31db2955-d844-4092-ad80-081d29371704, 5c768491-46cd-4927-bb71-c7e1480f7be2, 9245fc6c-d069-4278-b798-2405426af168, 83fb62cc-aae1-4867-86e2-a23adb2495cf, 600ed5c3-12cb-4a3f-8b25-fb349a7779b8, 30f0d6d5-2e8a-4be5-a9b8-1d811417da29, ebd97aa1-d93a-43c0-899e-13dee4b5e1d1, fca9e67c-4e53-4c43-8c47-9114939ddf50, 9f4ddc36-25fe-405e-96c6-c30c3d073f3e, 1a1b98a0-7487-4e12-b6e5-f10becb0c337, 7bfdef86-21f3-4c23-bca7-97265976962c, b431111c-b788-40bf-ba1e-aee14c56691d, dbd448df-171c-4a0e-a4ee-1ddc5a5ff79e, ff071e4b-32d5-4402-ad21-dc2a7e83ff1b, dd9e6776-d8de-43c7-adbf-a6466c3a86a4, fb649553-8a69-4358-9c0c-a40ddb8f25cb, 64252187-8c05-42d8-b7bc-6ac0d31774b2, a8401cd3-7612-4e38-851c-25a18bdb562a, 164d0534-1466-4f7d-97ea-8defe92060b7, 44bd7b86-00c7-41da-8eca-fcdeb74809bb, a8d4d77b-646b-45af-92d2-fdad6ec4b914, f46c862a-64c0-4dbc-b156-10839f36649e, b741c515-0a5f-4269-a748-6c9519932d56, c00e6e0f-fc50-4084-b749-af15822a8c5a, c5e32f7b-5dd8-42cd-840d-3ebfc7c211d5, 775bde9f-2e1c-4283-9865-e5f9ba8b6cad, 0a1915c3-e5e2-4b6f-a672-37efd291b3ab, 0a8cfdbc-0c42-42f2-9575-bb0b44e16356, 975f04a0-194f-4296-ae91-cd4b0e44bf37, f7acfa15-1aa9-40c5-bf4f-208a53740bad, d01fa7fa-ee3a-47ee-96a9-dea55d215113, 560af679-e5b8-4bf4-b96c-87d1afecaed4, 79f9d5f5-1465-40d6-85b7-1e56a376ecff, 9399e373-3e25-4c4c-96f0-ab425ce921c9, c1811ded-e73d-4f73-bf4d-e924459f77ce, 78318383-ce66-4fea-9459-b788112a250b, 74c50e35-9941-419a-80b9-6b7e08aed531, 1dbc448d-a1f7-409f-986d-753bca90f070, 93315659-11aa-4402-bfd3-c0d6d747c16e, b1ba60e9-ed6c-4155-99a1-9e8780f45f6d, b9e2276b-f433-4564-97f1-5756fbd57399, b9057e89-6c72-4310-8d1a-33c5a05c247e, 7aa085f3-bc0a-4668-843f-46c65365387a, 87844a99-eb33-45cf-8572-70aa2b6c9ab9, 621e3db8-02c2-430e-be65-1b6d6a9ba87b, 1c2222af-aabf-42f9-a222-d86fd4a06085, 8a897f92-e471-47d6-a29a-65041eade279, 9f88587e-f4a3-4566-bda1-535159e89653, dbc455a6-ace6-4910-9a81-d110d1e8b507, c134596f-6909-4c06-b937-70f8661a92d4, cdae25e6-93e4-4b10-b2c4-0981d5cf9f0d, 1e2eb293-5584-40c1-94ba-26872c5f64c2, f8ff0d69-d794-496a-af3b-c9a16dddc87c, 72ec8945-3b54-4edb-9836-b8c7e07e2f77, f2c365df-a2b2-4d06-b0a0-ea42836002d0, 4d6d0b82-7863-4eb8-a98b-4c0f56275b3b, 7da680b0-df25-45ea-9189-aeda9d5046da, 9de9dca4-c837-4f23-9e5e-a749d8ce75f5, 8203b640-d0fe-45ae-93dc-8a82d8dd8a9d, 75dd9f83-0bfb-4f05-a60e-84fa235765fb, b295de89-9671-4ecb-a44d-b3b521612ae7, 3b07ea14-0bad-4e5d-b305-6cf9fa95462c, aee17261-87e7-4717-8180-f121a74e6ccf, 6708f62d-cafd-41e5-b79f-b0338f37a10b, 117d4f7a-3354-4a74-896f-f14db6e041ca, a1f9ccc0-b004-480a-af75-5a29f7b06fa4, 4f36919d-f57e-4d34-8be3-69cdf81b3786, ff590713-5aa7-41a0-9375-b0c18dd9e79b, d0e9c7c3-949c-4473-89ab-27eca8dbc41e, de9ee1b6-00a6-4a38-9ea1-65718151988b, a3c31689-a698-4a10-9431-a3ffa4b0600f, 922c0f97-5d45-4369-a819-f5eb98445772, 06501efe-340e-4864-bea4-78829fd347f0, f19ca252-af38-481f-8394-1afac8e5ba8d, b880f894-cde0-4f3e-b291-ae0f62acdd70, 55c5eccc-b561-4ddf-9e34-8891dc1afc06, 95e1cdae-69c3-4c5a-bb18-b796986c007f, 7a3b91ac-0de6-4942-b366-c7b0b5f5535b, 5a90a76e-cd1c-46d6-b6c1-8e25f2a465e5, 3ac813c3-c5bd-4d05-854a-6343aa7dcfc7, 5ca112e0-a08a-4313-921c-35e9355a9844, bbc6eca9-d3b0-49f1-bb44-32d56a536054, 4cf75684-66d8-4860-9000-0db20d60b05f, 8cc0a16e-28fa-4c0b-b9a9-f97197a3039d, 3cf4618c-967e-45c1-a601-5a5831bc6d72, 0b70bbe0-3103-4fbe-9a19-b824975baf4f, 6da7aaae-3386-4ce7-9f5e-533b072c00a6, 6783fccd-1fc5-4c09-b905-994b08d71cd1, d9bb1346-eb7b-4832-aaf2-afcb55c79167, 2085653c-a317-43a2-8612-730e62be7360, 34cc7321-4ddb-45dc-9f9b-51c961f34930, d87efee2-0f58-4420-8dc1-3e7dfae644d8, a413beb6-532b-48e9-83d5-84e60219efc1, b1680e4d-0257-4225-9f33-3e1aa6217f83, e4d1c021-90e9-42af-9ac7-44da1200b7b5, c75acc71-758e-4a9f-827e-bb8c53724c0b, 62064b55-c4cc-4e88-a398-c600f50becb2, a2f30e7b-deec-41a8-a0d8-f2788708d969, 02b804c7-a8f3-4483-ba63-340976b1f711, 519ae2bc-494e-44ef-a4b4-a5e382cc19f4, de6a719e-1dcd-4024-bc8e-5018bebcc915, ed1d0355-5077-4acd-b02d-d0aca758b346, ff95d33a-0fa8-41eb-aa60-9356043c275f, 78d06710-9bb8-4da4-a8d9-8a22d90cf6f4, 19ace324-4042-4e60-a32a-45bb1d104792, 2843da15-7345-4baa-9153-c03b899e3d27, 1bda0e13-f08a-4a4d-8c24-a056a7c2281d, 0d9e9839-e65e-48cb-a0d0-51cb34cbb037, 691cb94a-55d7-4939-85d7-230b927458e1, 52934a99-d7a0-43a7-8e14-17da712769ef, 39bd989c-8150-4872-92f6-f488426ee1a2, 0f9a09f9-3c14-4c83-adf6-c24e8dddcbf5, 3512e10b-adce-426d-a77b-da85a910d4c1, 5cb57bdc-8ef8-450b-bec0-6c5371d0b7e7, 41e87380-b56a-47ef-95bf-8f78293dcd6f, e04055f7-0e90-4708-80e7-097fbb470d86, 011d65d9-c85b-471a-9cf3-34c3d34e16d7, f4fa2c0b-3820-41ae-bc57-8e262d1acbb4, f00968b7-a739-44ca-89b4-e8a14db0d0e1, e58aa87d-84df-42e7-b841-fd0c89095661, ff7b7f89-7268-4d64-a09f-63c3f34d8c50, 90243565-7efa-4a51-bd8b-0659719245d3, 53cd18f9-3e96-470d-8fc5-349f3ba45c24, 4f43e95f-7d4a-4fab-96d9-1d8767b40a7c, 9afed177-c5a9-4663-92d7-6237cf28062c, ef7a6a56-309d-44df-99d2-54eed6afed18, 888a8de7-c411-43d8-84cd-2e5b69cb4a1b, 824df3f3-10cb-41f2-a3f6-7d4878c83ff9, 1d044539-8d2c-4fd1-a555-1b2e5df348f8, b7f3e864-a9d5-4a19-8e3c-a38c91912a94, 4c654206-5316-4cdb-a4b5-013424c57ef0, c2e3ef97-bd9d-4098-b780-664ff7b4f112, 4ad9506b-184c-454a-9cdb-e3fe53e39b5c, e8a7cbf1-6459-4c6d-894a-f8a08e482d64, 82fa7b51-5023-4725-954d-dcefba669e30, dc3602aa-49f5-442a-91b6-9f78051178d7, 0630ccd7-5f59-49c6-b5b6-0aa953fc8d1b, 7c00cca2-5260-4593-a59e-4d0fd4973db1, 9efc2a42-2ee9-4a5f-bb92-d6417787cb5b, 2b1fdf60-4a31-4d83-947e-0006c94dd5f6, a718d7b5-10fd-4c5e-bc24-fde504e39064, 9949ecb3-c8b9-46d7-b69a-8adc9e6f21c2, d73afb92-58dc-4194-b46e-b13a9a9aa865, ef645a14-031d-4a5d-95b3-79b1907210c4, 7fcf248f-3619-4ebf-9ae9-95e4425b259d, fa92c0b2-d953-4a30-8771-5e007e822eb7, c75bc6e7-b83e-455a-b0ed-56de0605152e, 6a43a006-f4c1-4635-b47d-808a6f435b6f, 39715e22-bc38-4014-9d66-f8dd9446c1eb, e3108fd9-272a-42b9-ad89-cf2537e1c1e4, 0a35813c-9387-4f2c-b899-0837321a8792, bdc59354-2008-4ec3-8dc5-882cfe5a5143, 5cbc3953-3680-43fe-9f83-7b68e2282a60, 11a1fd65-c0b8-47be-953c-d61bd918d259, 0a17f262-3ce1-4b5b-bfef-3509be120354, 4cd0fa04-ccfc-4469-8afb-3f0891387109, a204cb4e-6287-4ae8-9ee4-7923d05df519, 4c335231-e337-4404-b975-a16b783c90d9, 405d7ea4-b46c-4572-91ff-46bace195a1d, 00ebd0ff-ca57-4b0d-87f2-36d84ee5a8f8, 8dec5e41-1bdb-439c-a86a-d6b48acb7b5e, 4f946922-065d-4ed6-b825-da4e520cea30, 0f299151-77a4-4f72-85ae-ab891b377795, 9749ced8-07e4-4992-b1a8-8d08806e2396, ec8e3c37-8ed2-4804-af9a-dac42f5364de, 174250fd-758b-4384-a143-802f953b26da, ffeb321f-c0ab-4834-ba5b-3b26507c69ab, 08f925f1-5dc4-46cb-a31f-fe709f754a04, 1cb7ff34-16ba-4f7f-8f0c-311cfad1fc51, fd8ca75e-8c45-49ab-aea9-0c24986844f2, 12281616-be8b-4057-8d72-ec710638ce38, 813901e4-fafc-4b24-9725-d4d86060822a, 61558b7c-4e24-42c8-b5f5-1184b2f70da5, a4292503-f58f-4905-a55a-2c215c51a8dd, 4db81b0f-8838-400f-9eec-4f3e6a66ceef, 50bcd618-4c89-4b5c-957c-32d22d4dcec9, e9f69f04-52c5-4b1f-b89b-de331c113fc0, c4805572-d654-467d-ace0-ccc0fa6abbb8, b3e01433-1381-4bb6-9552-884c96005cda, 5c22d45c-5753-4048-b755-a587f2e9ca9c, c31b09bb-0cf1-4115-a104-e6c671ef61ba, 03051331-0a3f-42e2-8b39-9b2ccc838801, f2dd08cc-a702-46b3-bf49-b00833003ab0, 3eb7af21-c02d-4080-b627-cfa12a38030a, 5c36a435-804f-445a-b3c7-05dca3d31fe6, 7d67f3d7-e6b7-4f92-89a0-a301718a9bc5, e36406d7-2024-49ac-8232-5d7783f05e27, 70d1f610-fbf8-4f6c-b5c8-815e8a08473f, 5126ac9d-0391-480d-aef7-bfff1a680753, 67be61f6-e333-4b39-a3b5-1473b2c00713, 7bea4f3a-7050-4d5a-9f69-62acb59a1e88, d5141a9c-e0f4-4b91-8b48-5bf43a434980, 3dbaa32b-f016-4dca-818b-406d268f390d, e8617ca4-9101-467e-b394-8c05d2f34b64, 64004a33-049d-40fe-bc97-6328a9e0f971, 4aff136a-eb08-4bfa-847a-594cf0d4baac, 57e7e86c-350d-43e6-81d9-3d46f17a4474, 994248ef-2b35-478a-9510-9ad7069d435e, e950a15e-3783-4fcf-8d38-731d2dbf6ebb, b8c071d9-affb-4028-a8b4-72270c039b9d, 1a422276-6f0d-4d6a-8fb0-12ce288efff8, 9557c0cf-3944-4d95-8322-a24e461759ff, fe46312b-c899-4bf6-883c-9bcba6c64de6, 458210e6-021c-4eae-bf17-b79d5d2e38c0, d9b8ac22-0997-4d2e-9506-031328e4166f, 386fef42-0d28-4db4-a386-71910896e8aa, 39836ec3-c127-4052-a03c-2c124a59a529, c538611b-63e4-4d19-91d8-8dfa5b775f4e, f4f2e079-7424-4da4-a21b-0db798c1809d, 2878e86c-3ace-40f6-8772-ab18128ca222, 9ff52baf-ce1d-4e77-85aa-d82ea2f92f5a, df9cf210-2697-45c6-a1a9-e6afa59c4e7d, 27585f83-bfbf-4c4d-9297-b28d5829db25, be8cb11e-ce71-4144-879c-1e0ccd79f14e, df8b7316-6283-44c7-a835-f157a09e18fe, 75fa8996-0096-43c4-afde-6fa0cf9c7e1b, 773be355-d808-4a77-bdf0-e9a72752f8bb, eae3713c-3010-46a6-b844-978df7b5a5d5, 84a0550d-1443-47ce-8d66-e55fac36ea8d, 805cfdd6-eb99-48ff-a118-39db0271e689, 60a4b4a6-a4d8-4940-a745-e1025f9882f3, c4d946c1-a6e2-4486-8941-6f5b402679a4, 0992a921-75dc-4d9e-8529-da7d6d83dc8f, 0c1fa5f0-4d1d-430a-b0bd-a039c188df42, 29208a25-5435-4931-831b-4fc9bd595ea2, 4e775c2d-6ee0-4a33-8ccf-be7c56ecb942, 04746548-efff-46ab-80f7-3ccdac6d6ff4, ed2cfd24-fadd-4036-91e9-ae59a7e01d16, 79d5a6b6-ad96-40f3-b6f3-928961ea28ff, e80474d0-ac3e-47a4-bed7-03c5b37c0db2, 09674ee4-a9d9-49ab-8125-30521ea02db7, 065f2278-f9a4-43af-b957-ad9bbdeafcca, c31eada0-7d28-4979-bf3c-8788ac182e47, 546a0828-2595-4a78-b78e-5d6f9ba429f8, 4ad28582-97a7-482c-837f-c1820ed2bc48, c8c247f4-3a0f-4eb0-889f-c3746df023e7, acd33963-5b01-403b-bd43-2fbce8fa46fc, 32be2659-4e7b-4e42-8130-104de95062df, 587228b3-7975-4dc6-ad08-24837a551370, 471fd57a-34f6-46df-9fd0-d0a12c08c8c1, 79fd038f-ccea-4a2c-a4e2-f354dfac46cc, 8e2259df-daeb-4de8-ab03-69447aecb654, 27a5cc11-9574-4eb7-a3c8-7fb480b7b0dc, f8056118-9716-4318-a2b8-d0fa9c7c5e0d, 229c83d8-5b7f-4506-8c4b-3bb2daca6677, ccc9e7be-f71f-436d-9906-70b04a19d4ba, 2088b1bc-eedd-434b-b9be-71aab1fd3be2, 990f449f-acc3-433e-91c2-babb16b757c4, 2b4e3f2b-d4af-4a10-a88e-710ad7ca2895, c1e6c76d-c579-4f5d-a226-692617373145, e8c5b579-73f4-4851-a2d2-9472293f3fd1, b6b84239-b6dc-4afe-a9b2-5d75a9d3813a, e4b533e8-a27d-455a-9857-d90ff494bb92, e83584b4-2cd4-4725-b2a0-ce2a9ce4a2dd, a8dbe4fc-0e6a-4167-94fe-35a23e3a9632, d5aa5f4a-ff50-466c-aa3b-5d65a169932a, d7158ddd-415b-4c51-a678-47907f23b29d
G(f): mean 0.173, min 0.000, max 1.000 over 1190 facts
Wrote entanglement curves to /home/ubuntu/HALO/outputs/trex/prompts_trex_sweep/entanglement_curves.csv
Wrote entanglement gaps to /home/ubuntu/HALO/outputs/trex/prompts_trex_sweep/entanglement_gaps.csv
Wrote entanglement figure to /home/ubuntu/HALO/outputs/trex/prompts_trex_sweep/entanglement.png
Wrote cross-state metrics CSV to /home/ubuntu/HALO/outputs/trex/cross_state_metrics.csv
Wrote per-state metrics CSV to /home/ubuntu/HALO/outputs/trex/per_state_metrics.csv
Uploaded output artifacts to W&B.
Logging run_audit output to /home/ubuntu/HALO/outputs/trex/run_audit.log
Prompt file: /home/ubuntu/HALO/data/prompts_trex.jsonl
Database used: /home/ubuntu/HALO/data/co-lmlm-wiki-index
Adversarial: 1190/1500 facts at rho=0.85, topology=single (16660 generations).
Skipped facts (no FULL selection/embedding): 0ef0beb9-9375-41ad-9a3c-72f2ecca1558, bf7dc412-c233-40db-8b06-552f49d0fdea, 4aedbf0e-3f23-45a5-9726-f60614cb2f34, f18d9a0a-a270-403a-9816-799b975bfbda, fbca090d-5a8b-4716-9d29-e7fd4b37415b, 5f3c1a29-02d2-4f3f-bfbe-f859a812a3f0, 159caa56-1914-41bb-9d66-c5957fc57420, 458a4278-c966-4048-81e3-60b483b3c109, 6b58a8d7-132e-4408-8a5e-8f15bc84bb07, 3b32ae53-f51b-4dbe-a4b0-ba88fbafc4bc, 445f28c6-0bdf-4d11-845b-d5cd08c9fc78, 186e4d57-cf3b-4fa4-89f4-5c8c722ddb54, 5f72daed-a431-4222-bd64-7e62b9f154c6, a4f3ebd5-df72-44a6-90ee-5f8a3c8bf76b, 871094d9-1a10-4619-97be-d95cb99b563c, 752fc560-3694-4f73-9f92-048ee522de6e, 611a09b8-ba6b-45ae-a0f3-476b4db6ce7c, 5b453777-1eb7-4e7e-90f9-f7d48455668b, 5cf33b7f-f4e8-488b-a0ec-59d5dc8c5238, 20fa0131-9247-4fb4-bb64-6cb49394f19d, d411819b-dcad-487b-9b7b-dc02f8d97f05, 8272fd4f-8ba1-4ab2-a14b-3c460b0c9448, 5302ed71-fca4-4d90-b1ce-39991b630749, 84724d73-e80b-4e3f-aca6-cbec7fa8f9d8, 887afbea-ded5-437f-9203-e55ecbe572e0, f0c5bed4-188c-4206-92f9-89924f8a51b2, 044bd817-3ffe-448e-af2a-a194c63e4fe0, 4aedc2a3-824f-42d9-b1cb-022aeaa15d71, db4201f8-f2bb-496b-8801-28c804e7116a, b18c5391-280e-48ef-b045-58982ac72914, 2fd485a5-62a9-4dd8-8014-3cdf68b39517, 270aa69e-c7f0-41d4-aa23-dda401962b7d, 0ae86071-70e9-4366-9809-9f48d2718561, c0370e2e-5505-4ea9-9b3f-6e65984bc172, 65e96a25-ea4c-4545-8a13-dad5d1e44aaa, e2f7b242-038e-447a-8cac-36a830e969e1, a27a863b-62c6-4bac-b6a5-cc3635323221, f44bd745-00d3-4884-a582-0bd0e7535a6b, 77f9bd2f-4ced-4e35-9ffd-159b70e645c9, 36bc8691-e75a-4772-9c0d-9c665bcbf7f2, fb868398-8a81-4c2b-ba57-8a3250747814, 3909b5df-607f-452d-8f69-194e210928fa, 582e34a4-0a61-43bb-b344-f614ab1660ce, 7a18233c-c0d1-42ec-a674-1743271037a9, 18a3ee66-c401-4905-80ee-f1632a40188a, ed62c3cd-d349-49f3-b1b7-5889cdfd9d5f, b5c19b72-f742-44b1-9507-603fd2689bcb, 51e77719-0dce-485f-ac98-c15b3dd6259c, d05357bf-446b-4e57-8fa2-2f374c07547a, 30862a47-4d4b-41f4-8dde-8a850835e20a, 572be5be-ad37-4beb-96af-47284dd88e40, f75ed9f8-8bcb-4c31-b09e-3faf5ffc86e7, b8cfe4ce-dd88-426e-9b5e-ad1462cbd686, 31db2955-d844-4092-ad80-081d29371704, 5c768491-46cd-4927-bb71-c7e1480f7be2, 9245fc6c-d069-4278-b798-2405426af168, 83fb62cc-aae1-4867-86e2-a23adb2495cf, 600ed5c3-12cb-4a3f-8b25-fb349a7779b8, 30f0d6d5-2e8a-4be5-a9b8-1d811417da29, ebd97aa1-d93a-43c0-899e-13dee4b5e1d1, fca9e67c-4e53-4c43-8c47-9114939ddf50, 9f4ddc36-25fe-405e-96c6-c30c3d073f3e, 1a1b98a0-7487-4e12-b6e5-f10becb0c337, 7bfdef86-21f3-4c23-bca7-97265976962c, b431111c-b788-40bf-ba1e-aee14c56691d, dbd448df-171c-4a0e-a4ee-1ddc5a5ff79e, ff071e4b-32d5-4402-ad21-dc2a7e83ff1b, dd9e6776-d8de-43c7-adbf-a6466c3a86a4, fb649553-8a69-4358-9c0c-a40ddb8f25cb, 64252187-8c05-42d8-b7bc-6ac0d31774b2, a8401cd3-7612-4e38-851c-25a18bdb562a, 164d0534-1466-4f7d-97ea-8defe92060b7, 44bd7b86-00c7-41da-8eca-fcdeb74809bb, a8d4d77b-646b-45af-92d2-fdad6ec4b914, f46c862a-64c0-4dbc-b156-10839f36649e, b741c515-0a5f-4269-a748-6c9519932d56, c00e6e0f-fc50-4084-b749-af15822a8c5a, c5e32f7b-5dd8-42cd-840d-3ebfc7c211d5, 775bde9f-2e1c-4283-9865-e5f9ba8b6cad, 0a1915c3-e5e2-4b6f-a672-37efd291b3ab, 0a8cfdbc-0c42-42f2-9575-bb0b44e16356, 975f04a0-194f-4296-ae91-cd4b0e44bf37, f7acfa15-1aa9-40c5-bf4f-208a53740bad, d01fa7fa-ee3a-47ee-96a9-dea55d215113, 560af679-e5b8-4bf4-b96c-87d1afecaed4, 79f9d5f5-1465-40d6-85b7-1e56a376ecff, 9399e373-3e25-4c4c-96f0-ab425ce921c9, c1811ded-e73d-4f73-bf4d-e924459f77ce, 78318383-ce66-4fea-9459-b788112a250b, 74c50e35-9941-419a-80b9-6b7e08aed531, 1dbc448d-a1f7-409f-986d-753bca90f070, 93315659-11aa-4402-bfd3-c0d6d747c16e, b1ba60e9-ed6c-4155-99a1-9e8780f45f6d, b9e2276b-f433-4564-97f1-5756fbd57399, b9057e89-6c72-4310-8d1a-33c5a05c247e, 7aa085f3-bc0a-4668-843f-46c65365387a, 87844a99-eb33-45cf-8572-70aa2b6c9ab9, 621e3db8-02c2-430e-be65-1b6d6a9ba87b, 1c2222af-aabf-42f9-a222-d86fd4a06085, 8a897f92-e471-47d6-a29a-65041eade279, 9f88587e-f4a3-4566-bda1-535159e89653, dbc455a6-ace6-4910-9a81-d110d1e8b507, c134596f-6909-4c06-b937-70f8661a92d4, cdae25e6-93e4-4b10-b2c4-0981d5cf9f0d, 1e2eb293-5584-40c1-94ba-26872c5f64c2, f8ff0d69-d794-496a-af3b-c9a16dddc87c, 72ec8945-3b54-4edb-9836-b8c7e07e2f77, f2c365df-a2b2-4d06-b0a0-ea42836002d0, 4d6d0b82-7863-4eb8-a98b-4c0f56275b3b, 7da680b0-df25-45ea-9189-aeda9d5046da, 9de9dca4-c837-4f23-9e5e-a749d8ce75f5, 8203b640-d0fe-45ae-93dc-8a82d8dd8a9d, 75dd9f83-0bfb-4f05-a60e-84fa235765fb, b295de89-9671-4ecb-a44d-b3b521612ae7, 3b07ea14-0bad-4e5d-b305-6cf9fa95462c, aee17261-87e7-4717-8180-f121a74e6ccf, 6708f62d-cafd-41e5-b79f-b0338f37a10b, 117d4f7a-3354-4a74-896f-f14db6e041ca, a1f9ccc0-b004-480a-af75-5a29f7b06fa4, 4f36919d-f57e-4d34-8be3-69cdf81b3786, ff590713-5aa7-41a0-9375-b0c18dd9e79b, d0e9c7c3-949c-4473-89ab-27eca8dbc41e, de9ee1b6-00a6-4a38-9ea1-65718151988b, a3c31689-a698-4a10-9431-a3ffa4b0600f, 922c0f97-5d45-4369-a819-f5eb98445772, 06501efe-340e-4864-bea4-78829fd347f0, f19ca252-af38-481f-8394-1afac8e5ba8d, b880f894-cde0-4f3e-b291-ae0f62acdd70, 55c5eccc-b561-4ddf-9e34-8891dc1afc06, 95e1cdae-69c3-4c5a-bb18-b796986c007f, 7a3b91ac-0de6-4942-b366-c7b0b5f5535b, 5a90a76e-cd1c-46d6-b6c1-8e25f2a465e5, 3ac813c3-c5bd-4d05-854a-6343aa7dcfc7, 5ca112e0-a08a-4313-921c-35e9355a9844, bbc6eca9-d3b0-49f1-bb44-32d56a536054, 4cf75684-66d8-4860-9000-0db20d60b05f, 8cc0a16e-28fa-4c0b-b9a9-f97197a3039d, 3cf4618c-967e-45c1-a601-5a5831bc6d72, 0b70bbe0-3103-4fbe-9a19-b824975baf4f, 6da7aaae-3386-4ce7-9f5e-533b072c00a6, 6783fccd-1fc5-4c09-b905-994b08d71cd1, d9bb1346-eb7b-4832-aaf2-afcb55c79167, 2085653c-a317-43a2-8612-730e62be7360, 34cc7321-4ddb-45dc-9f9b-51c961f34930, d87efee2-0f58-4420-8dc1-3e7dfae644d8, a413beb6-532b-48e9-83d5-84e60219efc1, b1680e4d-0257-4225-9f33-3e1aa6217f83, e4d1c021-90e9-42af-9ac7-44da1200b7b5, c75acc71-758e-4a9f-827e-bb8c53724c0b, 62064b55-c4cc-4e88-a398-c600f50becb2, a2f30e7b-deec-41a8-a0d8-f2788708d969, 02b804c7-a8f3-4483-ba63-340976b1f711, 519ae2bc-494e-44ef-a4b4-a5e382cc19f4, de6a719e-1dcd-4024-bc8e-5018bebcc915, ed1d0355-5077-4acd-b02d-d0aca758b346, ff95d33a-0fa8-41eb-aa60-9356043c275f, 78d06710-9bb8-4da4-a8d9-8a22d90cf6f4, 19ace324-4042-4e60-a32a-45bb1d104792, 2843da15-7345-4baa-9153-c03b899e3d27, 1bda0e13-f08a-4a4d-8c24-a056a7c2281d, 0d9e9839-e65e-48cb-a0d0-51cb34cbb037, 691cb94a-55d7-4939-85d7-230b927458e1, 52934a99-d7a0-43a7-8e14-17da712769ef, 39bd989c-8150-4872-92f6-f488426ee1a2, 0f9a09f9-3c14-4c83-adf6-c24e8dddcbf5, 3512e10b-adce-426d-a77b-da85a910d4c1, 5cb57bdc-8ef8-450b-bec0-6c5371d0b7e7, 41e87380-b56a-47ef-95bf-8f78293dcd6f, e04055f7-0e90-4708-80e7-097fbb470d86, 011d65d9-c85b-471a-9cf3-34c3d34e16d7, f4fa2c0b-3820-41ae-bc57-8e262d1acbb4, f00968b7-a739-44ca-89b4-e8a14db0d0e1, e58aa87d-84df-42e7-b841-fd0c89095661, ff7b7f89-7268-4d64-a09f-63c3f34d8c50, 90243565-7efa-4a51-bd8b-0659719245d3, 53cd18f9-3e96-470d-8fc5-349f3ba45c24, 4f43e95f-7d4a-4fab-96d9-1d8767b40a7c, 9afed177-c5a9-4663-92d7-6237cf28062c, ef7a6a56-309d-44df-99d2-54eed6afed18, 888a8de7-c411-43d8-84cd-2e5b69cb4a1b, 824df3f3-10cb-41f2-a3f6-7d4878c83ff9, 1d044539-8d2c-4fd1-a555-1b2e5df348f8, b7f3e864-a9d5-4a19-8e3c-a38c91912a94, 4c654206-5316-4cdb-a4b5-013424c57ef0, c2e3ef97-bd9d-4098-b780-664ff7b4f112, 4ad9506b-184c-454a-9cdb-e3fe53e39b5c, e8a7cbf1-6459-4c6d-894a-f8a08e482d64, 82fa7b51-5023-4725-954d-dcefba669e30, dc3602aa-49f5-442a-91b6-9f78051178d7, 0630ccd7-5f59-49c6-b5b6-0aa953fc8d1b, 7c00cca2-5260-4593-a59e-4d0fd4973db1, 9efc2a42-2ee9-4a5f-bb92-d6417787cb5b, 2b1fdf60-4a31-4d83-947e-0006c94dd5f6, a718d7b5-10fd-4c5e-bc24-fde504e39064, 9949ecb3-c8b9-46d7-b69a-8adc9e6f21c2, d73afb92-58dc-4194-b46e-b13a9a9aa865, ef645a14-031d-4a5d-95b3-79b1907210c4, 7fcf248f-3619-4ebf-9ae9-95e4425b259d, fa92c0b2-d953-4a30-8771-5e007e822eb7, c75bc6e7-b83e-455a-b0ed-56de0605152e, 6a43a006-f4c1-4635-b47d-808a6f435b6f, 39715e22-bc38-4014-9d66-f8dd9446c1eb, e3108fd9-272a-42b9-ad89-cf2537e1c1e4, 0a35813c-9387-4f2c-b899-0837321a8792, bdc59354-2008-4ec3-8dc5-882cfe5a5143, 5cbc3953-3680-43fe-9f83-7b68e2282a60, 11a1fd65-c0b8-47be-953c-d61bd918d259, 0a17f262-3ce1-4b5b-bfef-3509be120354, 4cd0fa04-ccfc-4469-8afb-3f0891387109, a204cb4e-6287-4ae8-9ee4-7923d05df519, 4c335231-e337-4404-b975-a16b783c90d9, 405d7ea4-b46c-4572-91ff-46bace195a1d, 00ebd0ff-ca57-4b0d-87f2-36d84ee5a8f8, 8dec5e41-1bdb-439c-a86a-d6b48acb7b5e, 4f946922-065d-4ed6-b825-da4e520cea30, 0f299151-77a4-4f72-85ae-ab891b377795, 9749ced8-07e4-4992-b1a8-8d08806e2396, ec8e3c37-8ed2-4804-af9a-dac42f5364de, 174250fd-758b-4384-a143-802f953b26da, ffeb321f-c0ab-4834-ba5b-3b26507c69ab, 08f925f1-5dc4-46cb-a31f-fe709f754a04, 1cb7ff34-16ba-4f7f-8f0c-311cfad1fc51, fd8ca75e-8c45-49ab-aea9-0c24986844f2, 12281616-be8b-4057-8d72-ec710638ce38, 813901e4-fafc-4b24-9725-d4d86060822a, 61558b7c-4e24-42c8-b5f5-1184b2f70da5, a4292503-f58f-4905-a55a-2c215c51a8dd, 4db81b0f-8838-400f-9eec-4f3e6a66ceef, 50bcd618-4c89-4b5c-957c-32d22d4dcec9, e9f69f04-52c5-4b1f-b89b-de331c113fc0, c4805572-d654-467d-ace0-ccc0fa6abbb8, b3e01433-1381-4bb6-9552-884c96005cda, 5c22d45c-5753-4048-b755-a587f2e9ca9c, c31b09bb-0cf1-4115-a104-e6c671ef61ba, 03051331-0a3f-42e2-8b39-9b2ccc838801, f2dd08cc-a702-46b3-bf49-b00833003ab0, 3eb7af21-c02d-4080-b627-cfa12a38030a, 5c36a435-804f-445a-b3c7-05dca3d31fe6, 7d67f3d7-e6b7-4f92-89a0-a301718a9bc5, e36406d7-2024-49ac-8232-5d7783f05e27, 70d1f610-fbf8-4f6c-b5c8-815e8a08473f, 5126ac9d-0391-480d-aef7-bfff1a680753, 67be61f6-e333-4b39-a3b5-1473b2c00713, 7bea4f3a-7050-4d5a-9f69-62acb59a1e88, d5141a9c-e0f4-4b91-8b48-5bf43a434980, 3dbaa32b-f016-4dca-818b-406d268f390d, e8617ca4-9101-467e-b394-8c05d2f34b64, 64004a33-049d-40fe-bc97-6328a9e0f971, 4aff136a-eb08-4bfa-847a-594cf0d4baac, 57e7e86c-350d-43e6-81d9-3d46f17a4474, 994248ef-2b35-478a-9510-9ad7069d435e, e950a15e-3783-4fcf-8d38-731d2dbf6ebb, b8c071d9-affb-4028-a8b4-72270c039b9d, 1a422276-6f0d-4d6a-8fb0-12ce288efff8, 9557c0cf-3944-4d95-8322-a24e461759ff, fe46312b-c899-4bf6-883c-9bcba6c64de6, 458210e6-021c-4eae-bf17-b79d5d2e38c0, d9b8ac22-0997-4d2e-9506-031328e4166f, 386fef42-0d28-4db4-a386-71910896e8aa, 39836ec3-c127-4052-a03c-2c124a59a529, c538611b-63e4-4d19-91d8-8dfa5b775f4e, f4f2e079-7424-4da4-a21b-0db798c1809d, 2878e86c-3ace-40f6-8772-ab18128ca222, 9ff52baf-ce1d-4e77-85aa-d82ea2f92f5a, df9cf210-2697-45c6-a1a9-e6afa59c4e7d, 27585f83-bfbf-4c4d-9297-b28d5829db25, be8cb11e-ce71-4144-879c-1e0ccd79f14e, df8b7316-6283-44c7-a835-f157a09e18fe, 75fa8996-0096-43c4-afde-6fa0cf9c7e1b, 773be355-d808-4a77-bdf0-e9a72752f8bb, eae3713c-3010-46a6-b844-978df7b5a5d5, 84a0550d-1443-47ce-8d66-e55fac36ea8d, 805cfdd6-eb99-48ff-a118-39db0271e689, 60a4b4a6-a4d8-4940-a745-e1025f9882f3, c4d946c1-a6e2-4486-8941-6f5b402679a4, 0992a921-75dc-4d9e-8529-da7d6d83dc8f, 0c1fa5f0-4d1d-430a-b0bd-a039c188df42, 29208a25-5435-4931-831b-4fc9bd595ea2, 4e775c2d-6ee0-4a33-8ccf-be7c56ecb942, 04746548-efff-46ab-80f7-3ccdac6d6ff4, ed2cfd24-fadd-4036-91e9-ae59a7e01d16, 79d5a6b6-ad96-40f3-b6f3-928961ea28ff, e80474d0-ac3e-47a4-bed7-03c5b37c0db2, 09674ee4-a9d9-49ab-8125-30521ea02db7, 065f2278-f9a4-43af-b957-ad9bbdeafcca, c31eada0-7d28-4979-bf3c-8788ac182e47, 546a0828-2595-4a78-b78e-5d6f9ba429f8, 4ad28582-97a7-482c-837f-c1820ed2bc48, c8c247f4-3a0f-4eb0-889f-c3746df023e7, acd33963-5b01-403b-bd43-2fbce8fa46fc, 32be2659-4e7b-4e42-8130-104de95062df, 587228b3-7975-4dc6-ad08-24837a551370, 471fd57a-34f6-46df-9fd0-d0a12c08c8c1, 79fd038f-ccea-4a2c-a4e2-f354dfac46cc, 8e2259df-daeb-4de8-ab03-69447aecb654, 27a5cc11-9574-4eb7-a3c8-7fb480b7b0dc, f8056118-9716-4318-a2b8-d0fa9c7c5e0d, 229c83d8-5b7f-4506-8c4b-3bb2daca6677, ccc9e7be-f71f-436d-9906-70b04a19d4ba, 2088b1bc-eedd-434b-b9be-71aab1fd3be2, 990f449f-acc3-433e-91c2-babb16b757c4, 2b4e3f2b-d4af-4a10-a88e-710ad7ca2895, c1e6c76d-c579-4f5d-a226-692617373145, e8c5b579-73f4-4851-a2d2-9472293f3fd1, b6b84239-b6dc-4afe-a9b2-5d75a9d3813a, e4b533e8-a27d-455a-9857-d90ff494bb92, e83584b4-2cd4-4725-b2a0-ce2a9ce4a2dd, a8dbe4fc-0e6a-4167-94fe-35a23e3a9632, d5aa5f4a-ff50-466c-aa3b-5d65a169932a, d7158ddd-415b-4c51-a678-47907f23b29d
  Ev(rho=0.85, eps=0.01, verbatim): 0.145 over 1190 facts
  Ev(rho=0.85, eps=0.01, hyphenated): 0.130 over 1190 facts
  Ev(rho=0.85, eps=0.01, letter-spaced): 0.132 over 1190 facts
  Ev(rho=0.85, eps=0.01, prefix-cue): 0.132 over 1190 facts
  Ev(rho=0.85, eps=0.02, verbatim): 0.145 over 1190 facts
  Ev(rho=0.85, eps=0.02, hyphenated): 0.134 over 1190 facts
  Ev(rho=0.85, eps=0.02, letter-spaced): 0.135 over 1190 facts
  Ev(rho=0.85, eps=0.02, prefix-cue): 0.135 over 1190 facts
  Ev(rho=0.85, eps=0.05, verbatim): 0.145 over 1190 facts
  Ev(rho=0.85, eps=0.05, hyphenated): 0.137 over 1190 facts
  Ev(rho=0.85, eps=0.05, letter-spaced): 0.139 over 1190 facts
  Ev(rho=0.85, eps=0.05, prefix-cue): 0.139 over 1190 facts
  Margin-predictor AUROC (survivor proximity vs R(f)): 0.397 over 1187 facts
Wrote adversarial evasion to /home/ubuntu/HALO/outputs/trex/prompts_trex_adversarial/evasion.csv
Wrote adversarial margins to /home/ubuntu/HALO/outputs/trex/prompts_trex_adversarial/margins.csv
Wrote cross-state metrics CSV to /home/ubuntu/HALO/outputs/trex/cross_state_metrics.csv
Wrote per-state metrics CSV to /home/ubuntu/HALO/outputs/trex/per_state_metrics.csv
Uploaded output artifacts to W&B.
